2024-07-18 19:32:31 - User vedansh created with group vedansh and permissions 755.
2024-07-18 19:32:31 - Projects directory and README.md created for user vedansh.
2024-07-18 19:32:31 - Script execution completed.
2024-07-18 19:40:20 - User vedansh created with group vedansh and permissions 755.
2024-07-18 19:40:20 - Projects directory and README.md created for user vedansh.
2024-07-18 19:40:20 - Script execution completed.
2024-07-18 19:46:53 - User vedansh created with group vedansh and permissions 700.
2024-07-18 19:46:53 - Projects directory and README.md created for user vedansh.
2024-07-18 19:46:53 - Script execution completed.
2024-07-18 19:50:08 - User vedansh created with group vedansh and permissions 755.
2024-07-18 19:50:08 - Projects directory and README.md created for user vedansh.
2024-07-18 19:50:08 - Script execution completed.
2024-07-18 20:01:36 - User vedansh created with group vedansh and permissions 755.
2024-07-18 20:01:36 - Projects directory and README.md created for user vedansh.
2024-07-18 20:01:36 - Script execution completed.
2024-07-19 01:50:45 - User john.doe created with group devops and permissions 755.
2024-07-19 01:50:45 - Projects directory and README.md created for user john.doe.
2024-07-19 01:50:45 - Processed usernames.csv file.
2024-07-19 01:50:45 - Script execution completed.
2024-07-19 01:51:30 - User john.doe created with group devops and permissions 755.
2024-07-19 01:51:30 - Projects directory and README.md created for user john.doe.
2024-07-19 01:51:30 - Processed usernames.csv file.
2024-07-19 01:51:30 - Script execution completed.
2024-07-19 01:53:19 - User john.doe created with group devops and permissions 755.
2024-07-19 01:53:19 - Projects directory and README.md created for user john.doe.
2024-07-19 01:53:19 - Processed usernames.csv file.
2024-07-19 01:53:19 - Script execution completed.
2024-07-19 01:56:20 - User john.doe created with group devops and permissions 755.
2024-07-19 01:56:20 - Projects directory and README.md created for user john.doe.
2024-07-19 01:56:20 - Processed usernames.csv file.
2024-07-19 01:56:20 - Script execution completed.
